# Changes Log

## 2025-01-13 - Debug Badge & Pursue Career Button Fixes

### Issue 1: Debug Badge Showing in Prod Version
**Problem**: Debug badges and features were showing in production version when running from VS Code Android emulator.

**Root Cause**: VS Code launch configuration was running `flutter run` (debug mode) instead of `flutter run --release` (release mode). The `kDebugMode` constant is `true` in debug builds regardless of flavor.

**Solutions Implemented**:

1. **Hidden Debug Banner** ✅
   - Added `debugShowCheckedModeBanner: false` to `GetMaterialApp` in `career/lib/main_common.dart`
   - Hides Flutter debug banner in all builds

2. **Updated VS Code Launch Configuration** ✅
   - Modified `.vscode/launch.json` "Android Emulator (Prod)" configuration
   - Added `--release` flag to args: `["--flavor", "prod", "--release"]`
   - Now runs prod version in release mode from VS Code

3. **Enhanced Debug Control System** ✅
   - Added `showDebugFeatures` property to `AppConfig` class in `career/lib/config/app_config.dart`
   - Logic: `bool get showDebugFeatures => flavor == 'dev' || kDebugMode;`
   - Updated debug feature checks in:
     - `career/lib/features/home/screens/home_screen.dart` (admin button, debug navigation)
     - `career/lib/features/assessment/screens/assessment_screen.dart` (debug assessment button)
   - Added necessary imports for `AppConfig`

4. **Created Release Testing Script** ✅
   - Added `career/scripts/run_prod_release.sh` for testing production builds in release mode
   - Made executable with proper permissions

### Issue 2: Firestore Index Missing in Production
**Problem**: Production app failing with `[cloud_firestore/failed-precondition]` error when querying recent career paths.

**Root Cause**: Production Firebase project (`bigmints-xtara`) was missing Firestore composite indexes that existed in dev environment (`compass-bigmints`).

**Solution Implemented**:

1. **Exported Dev Indexes** ✅
   - Switched to dev project: `firebase use compass-bigmints`
   - Exported indexes: `firebase firestore:indexes > dev_indexes_export.json`

2. **Updated Production Indexes** ✅
   - Copied dev indexes to `firestore.indexes.json`
   - Switched to prod project: `firebase use bigmints-xtara`
   - Deployed indexes: `firebase deploy --only firestore:indexes`

3. **Indexes Now Available in Production**:
   - `ai_calls`: `type` + `userId` + `timestamp`
   - `assessments`: `userId` + `createdAt`
   - `assessments`: `userId` + `timestamp`
   - `career_paths`: `anonymousUserId` + `createdAt`
   - `career_paths`: `userId` + `createdAt` ⭐ **Fixed the error**

### Issue 3: Pursue Career Button Not Working
**Problem**: "Pursue Career" button was not working - should direct users to email signup screen for user conversion.

**Root Cause**: Missing route definition for `/career-intro` in the app's routing configuration.

**Solution Implemented**:

1. **Added Missing Route** ✅
   - Added `/career-intro` route to `getPages` in `career/lib/main_common.dart`
   - Route accepts `careerPathId` and `assessmentData` arguments
   - Navigates to `CareerIntroScreen` with proper argument validation
   - Fallback to home screen if arguments are missing

2. **Flow Now Working**:
   - User clicks "Pursue Career" button → `/career-intro` → `CareerIntroScreen`
   - `CareerIntroScreen` → "Get Started" button → `EmailSignUpScreen`
   - `EmailSignUpScreen` → User conversion flow → Account creation/login

### Environment Mapping Confirmed:
- **Dev Environment**: `compass-bigmints` (shows debug features)
- **Prod Environment**: `bigmints-xtara` (hides debug features in release builds)

### Files Modified:
- `career/lib/main_common.dart` - Debug banner, route addition
- `.vscode/launch.json` - Release mode for prod
- `career/lib/config/app_config.dart` - Enhanced debug control
- `career/lib/features/home/screens/home_screen.dart` - Debug control updates
- `career/lib/features/assessment/screens/assessment_screen.dart` - Debug control updates
- `career/scripts/run_prod_release.sh` - New release testing script
- `xtara-firebase/firestore.indexes.json` - Production indexes
- `xtara-firebase/dev_indexes_export.json` - Dev indexes backup

### Issue 4: App Icon Showing as Outline Instead of Filled
**Problem**: App icon was displaying as an outline/unfilled star instead of the proper filled design.

**Root Cause**: App icons were not properly generated from the source file and were using outdated/incorrect icon files.

**Solution Implemented**:

1. **Added Flutter Launcher Icons Package** ✅
   - Added `flutter_launcher_icons: ^0.14.1` to dev dependencies in `career/pubspec.yaml`
   - Configured to use `../assets/appicon-source.png` as source image

2. **Configured App Icon Generation** ✅
   - Added comprehensive flutter_launcher_icons configuration for all platforms
   - Set `remove_alpha_ios: true` to comply with App Store requirements
   - Configured web, Android, and iOS icon generation

3. **Generated New App Icons** ✅
   - Ran `flutter pub run flutter_launcher_icons:main` to generate icons
   - Copied existing icons from assets to project folders as backup
   - Cleaned and rebuilt project to ensure new icons are used

4. **Icon Configuration**:
   - **Android**: Generated all required mipmap densities (hdpi, mdpi, xhdpi, xxhdpi, xxxhdpi)
   - **iOS**: Generated all required icon sizes with alpha channel removed
   - **Web**: Generated with white background and Ocean Navy theme color
   - **Source**: Uses `appicon-source.png` which contains the filled star design

### Testing:
- ✅ Debug features hidden in production release builds
- ✅ Firestore queries working without index errors
- ✅ Pursue Career button navigation working
- ✅ User conversion flow functional
- ✅ App icon now shows filled star design instead of outline

## 6. Production Deployment Guide

### Created: `career/docs/PRODUCTION_DEPLOYMENT_GUIDE.md`
- **Purpose**: Comprehensive step-by-step guide for production deployments
- **Covers**: 
  - Pre-deployment checklist with environment setup
  - Firebase project configuration verification
  - Remote Config setup with required parameters
  - Firestore indexes deployment (critical for app functionality)
  - Cloud Functions deployment
  - App building for Android, iOS, and Web
  - App store submission process
  - Pre-release testing procedures
  - Analytics and monitoring setup
  - Post-deployment verification steps
  - Rollback procedures for emergencies
  - Troubleshooting guide for common issues
  - Quick reference commands
  - Deployment log template

### Key Features:
- **Step-by-step instructions** with exact commands to run
- **Verification steps** after each deployment phase
- **Critical test cases** to validate functionality
- **Platform-specific guidance** for Android, iOS, and Web
- **Emergency rollback procedures** if issues occur
- **Comprehensive checklists** to ensure nothing is missed
- **Troubleshooting section** for common deployment issues

### Benefits:
- Prevents missing critical deployment steps
- Ensures consistent deployment process
- Reduces deployment errors and issues
- Provides clear rollback procedures
- Documents all Firebase services configuration
- Includes Remote Config setup instructions
- Covers all platforms (Android, iOS, Web)

## Final Status - All Issues Resolved

The production environment is now fully functional with:
- ✅ Debug features properly hidden in production builds
- ✅ All Firestore indexes deployed and working
- ✅ Navigation flows working correctly
- ✅ User conversion funnel functional
- ✅ App icons displaying correctly
- ✅ Comprehensive deployment documentation available

The app is ready for production deployment following the detailed guide in `career/docs/PRODUCTION_DEPLOYMENT_GUIDE.md`.

## 2025-01-13 - Admin Dream Careers Menu Integration

### Added Dream Careers to Admin Menu System

**Features Implemented**:

1. **Admin Dashboard Menu Item** ✅
   - Added "Dream Careers Management" to admin dashboard screen
   - Icon: `Icons.star` for visual consistency
   - Route: `/admin-dream-careers` for direct navigation

2. **Unified Admin Dashboard Access** ✅
   - Added "Unified Admin Dashboard" menu item
   - Provides access to the modern admin interface with Dream Careers card
   - Route: `/admin-unified` for comprehensive admin management

3. **Route Configuration** ✅
   - Added `/admin-dream-careers` route in `main.dart`
   - Uses `BaseAdminWebLayout<DreamCareer>` with `DreamCareersAdminConfig`
   - Integrated with existing admin controller system
   - Added `/admin-unified` route for unified admin interface

4. **Navigation Integration** ✅
   - Dream Careers accessible from main admin dashboard
   - Unified admin dashboard provides modern card-based interface
   - Consistent navigation patterns with existing admin features
   - Mobile-responsive design with proper routing

### Admin Menu Structure:
- **Admin Dashboard** (`/admin`)
  - Summaries
  - Stories Management
  - Challenges Management
  - **Dream Careers Management** ⭐ **NEW**
  - RAG Test
  - Dual-Mode RAG
  - **Unified Admin Dashboard** ⭐ **NEW**

- **Unified Admin Dashboard** (`/admin-unified`)
  - Stories (card-based interface)
  - Challenges (card-based interface)
  - **Dream Careers** (card-based interface) ⭐ **NEW**
  - Assessments (coming soon)
  - Analytics (coming soon)
  - Settings (coming soon)

### Files Modified:
- `career/lib/features/admin/screens/admin_dashboard_screen.dart` - Added menu items
- `career/lib/main.dart` - Added route configurations
- `changes.log` - Documentation update

### Benefits:
- ✅ Easy access to Dream Careers management from admin menu
- ✅ Consistent navigation with existing admin features
- ✅ Both traditional and modern admin interfaces available
- ✅ Mobile-responsive design
- ✅ Proper route configuration and controller integration

The Dream Careers admin feature is now fully integrated into the admin menu system and accessible through multiple entry points for maximum convenience.

## 2025-01-13 - Dream Career Voting Menu Integration

### Added Dream Career Voting to Admin Menu

**Features Implemented**:

1. **Admin Dashboard Menu Item** ✅
   - Added "Dream Career Voting" to admin dashboard screen
   - Icon: `Icons.thumbs_up_down` for voting interface
   - Route: `/career-voting` for slideshow voting interface

2. **Dream Career Voting System** ✅
   - **Purpose**: Slideshow interface for users to vote up, down, skip, and delete dream careers
   - **Features**: 
     - Progress tracking (Career X of Y)
     - Vote buttons (thumbs up/down, skip, delete)
     - Filter by domain and review status
     - Analytics and statistics
     - Role-based access (admin vs editor)
   - **Route**: `/career-voting` → `DreamCareerVotingScreen`
   - **Controller**: `DreamCareerVotingController` with GetX state management
   - **Service**: `DreamCareerVotingService` for Firebase operations
   - **Widget**: `DreamCareerVotingCard` for individual career display

3. **Admin Menu Structure Updated**:
   - **Admin Dashboard** (`/admin`)
     - Summaries
     - Stories Management
     - Challenges Management
     - Dream Careers Management
     - **Dream Career Voting** ⭐ **NEW**
     - RAG Test
     - Dual-Mode RAG
     - Unified Admin Dashboard

### Files Modified:
- `career/lib/features/admin/screens/admin_dashboard_screen.dart` - Added Dream Career Voting menu item
- `changes.log` - Documentation update

### Benefits:
- ✅ Easy access to Dream Career Voting from admin menu
- ✅ Slideshow interface for efficient career review
- ✅ Vote tracking and analytics
- ✅ Role-based permissions
- ✅ Consistent navigation with existing admin features

The Dream Career Voting system is now accessible through the admin menu and provides a comprehensive slideshow interface for reviewing and voting on dream careers.

## 2025-01-13 - Dream Career Voting Enhancements

### Added Delete Functionality and Full-Screen Layout

**Features Implemented**:

1. **Delete Dream Career Functionality** ✅
   - Added `deleteDreamCareer()` method to `DreamCareerVotingService`
   - Added `deleteCurrentCareer()` method to `DreamCareerVotingController`
   - Admin-only access with proper permission checks
   - Confirmation dialog before deletion
   - Analytics tracking for deleted careers
   - Automatic list management after deletion

2. **Full-Screen Layout** ✅
   - Removed `BaseCard` widget wrapper
   - Converted to full-screen container layout
   - Improved content organization with header, content, and action sections
   - Better responsive design for all screen sizes
   - Enhanced visual hierarchy and spacing

3. **Enhanced UI Components** ✅
   - Custom tag containers replacing `InfoChip` components
   - Improved button layout with delete button
   - Better visual styling for score and domain tags
   - Enhanced content sections with proper spacing
   - Loading state improvements

4. **Delete Button Integration** ✅
   - Added delete button to voting card interface
   - Full-width delete button below main action buttons
   - Red styling to indicate destructive action
   - Proper confirmation dialog with career title
   - Error handling and user feedback

### Technical Implementation:

**Service Layer**:
- `DreamCareerVotingService.deleteDreamCareer()` - Firebase deletion with admin checks
- Proper error handling and logging
- User authentication and permission validation

**Controller Layer**:
- `DreamCareerVotingController.deleteCurrentCareer()` - Business logic for deletion
- Confirmation dialog using GetX
- Analytics tracking for deleted careers
- List management and navigation updates

**UI Layer**:
- `DreamCareerVotingCard` - Complete redesign for full-screen layout
- Removed dependency on `BaseCard` and `InfoChip` components
- Custom styling for all UI elements
- Improved responsive design

### Files Modified:
- `career/lib/features/career_paths/services/dream_career_voting_service.dart` - Added delete functionality
- `career/lib/features/career_paths/controllers/dream_career_voting_controller.dart` - Added delete logic and confirmation
- `career/lib/features/career_paths/widgets/dream_career_voting_card.dart` - Complete redesign for full-screen layout
- `career/lib/features/career_paths/screens/dream_career_voting_screen.dart` - Updated to pass delete callback
- `changes.log` - Documentation update

### Benefits:
- ✅ Full-screen layout provides better content visibility
- ✅ Delete functionality allows content curation
- ✅ Admin-only deletion ensures data integrity
- ✅ Confirmation dialog prevents accidental deletions
- ✅ Improved UI/UX with better visual hierarchy
- ✅ Enhanced responsive design for all devices
- ✅ Better error handling and user feedback

The Dream Career Voting system now provides a comprehensive full-screen interface with delete functionality for effective content management and curation.

## 2025-01-13 - Dream Career Model Updates and Enhanced Voting System

### Updated Dream Career Model Structure

**Major Changes**:

1. **Removed Domain Field** ✅
   - Removed `domain` field from `DreamCareer` model
   - Updated all references to use `careerCluster` instead
   - Updated constructor, fromMap, and toMap methods

2. **Enhanced VoteData Model** ✅
   - Added `skips` field to track skipped careers
   - Added `flags` field for career status management
   - Added helper methods for flag checking
   - Updated fromMap and toMap methods

3. **New Flag System** ✅
   - `deleted` - Career has been deleted
   - `refinementRequired` - Career needs content refinement
   - `unpublished` - Career is not published
   - `needsVerification` - Career needs verification
   - Helper methods: `isDeleted`, `needsRefinement`, `isUnpublished`, `needsVerification`

### Enhanced Voting Service

**New Methods**:

1. **Skip Career Functionality** ✅
   - `skipCareer(String careerId)` - Records career skip
   - Proper permission checks (editor only)
   - Transaction-based updates
   - Analytics tracking

2. **Flag Management** ✅
   - `updateFlag(String careerId, String flag, bool add)` - Add/remove flags
   - Admin-only access for flag management
   - Transaction-based updates
   - Proper error handling

3. **Updated Filtering** ✅
   - Changed from `domainFilter` to `careerClusterFilter`
   - Updated `getAvailableCareerClusters()` method
   - Updated statistics to use career cluster breakdown

### Enhanced Voting Controller

**Updated Methods**:

1. **Filter Management** ✅
   - `setCareerClusterFilter()` - Set career cluster filter
   - `clearCareerClusterFilter()` - Clear career cluster filter
   - Updated analytics tracking with career cluster data

2. **Skip Functionality** ✅
   - `skipCareer()` - Now async with proper service calls
   - Loading states and error handling
   - Analytics tracking for skipped careers

3. **Updated References** ✅
   - All `domain` references changed to `careerCluster`
   - Updated method names and variable names
   - Updated analytics parameters

### Enhanced UI Components

**Updated Components**:

1. **Voting Screen** ✅
   - Updated filter dialog labels ("Domain" → "Career Cluster")
   - Updated method calls to use new controller methods
   - Updated filter display and management

2. **Voting Card** ✅
   - Already updated to use `careerCluster` field
   - Full-screen layout maintained
   - Delete functionality preserved

### Technical Implementation Details

**Model Changes**:
- `DreamCareer.domain` → `DreamCareer.careerCluster`
- `VoteData` now includes `skips` and `flags` fields
- Enhanced helper methods for flag management

**Service Changes**:
- `getAllDreamCareers(domainFilter:)` → `getAllDreamCareers(careerClusterFilter:)`
- `getAvailableDomains()` → `getAvailableCareerClusters()`
- Added `skipCareer()` and `updateFlag()` methods

**Controller Changes**:
- `setDomainFilter()` → `setCareerClusterFilter()`
- `clearDomainFilter()` → `clearCareerClusterFilter()`
- `skipCareer()` now async with service integration

### Files Modified:
- `career/lib/features/career_paths/models/dream_career_model.dart` - Complete model restructure
- `career/lib/features/career_paths/services/dream_career_voting_service.dart` - Enhanced service methods
- `career/lib/features/career_paths/controllers/dream_career_voting_controller.dart` - Updated controller logic
- `career/lib/features/career_paths/screens/dream_career_voting_screen.dart` - Updated UI references
- `changes.log` - Documentation update

### Benefits:
- ✅ Consistent data structure with actual dream career JSON format
- ✅ Enhanced voting system with skip tracking
- ✅ Comprehensive flag system for career status management
- ✅ Better analytics with career cluster breakdown
- ✅ Improved error handling and user feedback
- ✅ Maintained all existing functionality while adding new features

The Dream Career Voting system now fully aligns with the actual data structure and provides enhanced functionality for career management and curation. 